<?xml version="1.0" encoding="UTF-8"?>
<!-- Generated by org.testng.reporters.JUnitReportReporter -->
<testsuite skipped="0" hostname="Toshiba-PC" name="scripts.TestValidLogin" tests="1" failures="0" timestamp="10 Nov 2018 09:46:27 GMT" time="13.850" errors="0">
  <testcase name="testValidLogin" time="13.850" classname="scripts.TestValidLogin"/>
</testsuite> <!-- scripts.TestValidLogin -->
