<?xml version="1.0" encoding="UTF-8"?>
<!-- Generated by org.testng.reporters.JUnitReportReporter -->
<testsuite skipped="0" hostname="Toshiba-PC" name="scripts.TestInvalidLogin" tests="1" failures="0" timestamp="10 Nov 2018 09:46:27 GMT" time="11.959" errors="0">
  <testcase name="testInvalidLogin" time="11.959" classname="scripts.TestInvalidLogin"/>
</testsuite> <!-- scripts.TestInvalidLogin -->
