<?xml version="1.0" encoding="UTF-8"?>
<!-- Generated by org.testng.reporters.JUnitReportReporter -->
<testsuite skipped="0" hostname="Toshiba-PC" name="scripts.TestInvalidLogin" tests="1" failures="0" timestamp="10 Nov 2018 07:48:14 GMT" time="13.546" errors="0">
  <testcase name="testInvalidLogin" time="13.546" classname="scripts.TestInvalidLogin"/>
</testsuite> <!-- scripts.TestInvalidLogin -->
